[15:54:21] [main/INFO]: Setting user: Player350
[15:54:22] [Client thread/INFO]: LWJGL Version: 2.9.1
[15:54:30] [Client thread/INFO]: Reloading ResourceManager: Default, FMLFileResourcePack:Forge Mod Loader, FMLFileResourcePack:Minecraft Forge, FMLFileResourcePack:Unknown Sweet Potato Mod
[15:54:31] [Sound Library Loader/INFO]: Sound engine started
[15:54:32] [Client thread/INFO]: Created: 16x16 textures/blocks-atlas
[15:54:32] [Client thread/INFO]: Created: 16x16 textures/items-atlas
[15:54:32] [Client thread/INFO]: Reloading ResourceManager: Default, FMLFileResourcePack:Forge Mod Loader, FMLFileResourcePack:Minecraft Forge, FMLFileResourcePack:Unknown Sweet Potato Mod
[15:54:32] [Client thread/INFO]: Created: 512x256 textures/blocks-atlas
[15:54:32] [Client thread/INFO]: Created: 512x512 textures/items-atlas
[15:54:33] [Sound Library Loader/INFO]: Sound engine started
[15:54:43] [Server thread/INFO]: Starting integrated minecraft server version 1.7.10
[15:54:43] [Server thread/INFO]: Generating keypair
[15:54:44] [Server thread/INFO]: Preparing start region for level 0
[15:54:45] [Server thread/INFO]: Preparing spawn area: 40%
[15:54:46] [Server thread/INFO]: Changing view distance to 12, from 10
[15:54:47] [Server thread/INFO]: Player350[local:E:a939da5b] logged in with entity id 176 at (-61.957194930281155, 71.0, -178.10716458211104)
[15:54:47] [Server thread/INFO]: Player350 がゲームに参加しました
[15:54:47] [Server thread/INFO]: Saving and pausing game...
[15:54:47] [Server thread/INFO]: Saving chunks for level 'Mt.FUJI'/Overworld
[15:54:47] [Server thread/INFO]: Saving chunks for level 'Mt.FUJI'/Nether
[15:54:47] [Server thread/INFO]: Saving chunks for level 'Mt.FUJI'/The End
[15:54:54] [Server thread/INFO]: Saving and pausing game...
[15:54:54] [Server thread/INFO]: Saving chunks for level 'Mt.FUJI'/Overworld
[15:54:54] [Server thread/INFO]: Saving chunks for level 'Mt.FUJI'/Nether
[15:54:54] [Server thread/INFO]: Saving chunks for level 'Mt.FUJI'/The End
[15:54:54] [Server thread/INFO]: Saving and pausing game...
[15:54:54] [Server thread/INFO]: Saving chunks for level 'Mt.FUJI'/Overworld
[15:54:54] [Server thread/INFO]: Saving chunks for level 'Mt.FUJI'/Nether
[15:54:54] [Server thread/INFO]: Saving chunks for level 'Mt.FUJI'/The End
[15:55:13] [Server thread/INFO]: Saving and pausing game...
[15:55:13] [Server thread/INFO]: Saving chunks for level 'Mt.FUJI'/Overworld
[15:55:13] [Server thread/INFO]: Saving chunks for level 'Mt.FUJI'/Nether
[15:55:13] [Server thread/INFO]: Saving chunks for level 'Mt.FUJI'/The End
[15:55:14] [Server thread/INFO]: Stopping server
[15:55:14] [Server thread/INFO]: Saving players
[15:55:14] [Server thread/INFO]: Saving worlds
[15:55:14] [Server thread/INFO]: Saving chunks for level 'Mt.FUJI'/Overworld
[15:55:14] [Server thread/INFO]: Saving chunks for level 'Mt.FUJI'/Nether
[15:55:14] [Server thread/INFO]: Saving chunks for level 'Mt.FUJI'/The End
